WARNING:2026-01-07 05:52:19,868:captcha.py -> Successfully name changed.
WARNING:2026-01-07 05:52:19,874:Cashing.py -> Successfully name changed.
WARNING:2026-01-07 05:52:19,874:Code_Testing.py -> Successfully name changed.
WARNING:2026-01-07 05:52:19,877:Coroutine.py -> Successfully name changed.
WARNING:2026-01-07 05:52:19,879:Dies.py -> Successfully name changed.
WARNING:2026-01-07 05:52:19,879:digital_calculator.py -> Successfully name changed.
WARNING:2026-01-07 05:52:19,879:E-Commerce.py -> Successfully name changed.
WARNING:2026-01-07 05:52:19,883:Faulty.py -> Successfully name changed.
WARNING:2026-01-07 05:52:19,884:filter_function.py -> Successfully name changed.
WARNING:2026-01-07 05:52:19,886:First_class_function.py -> Successfully name changed.
WARNING:2026-01-07 05:52:19,888:Generator.py -> Successfully name changed.
WARNING:2026-01-07 05:52:19,889:Get_money_and_weight.py -> Successfully name changed.
WARNING:2026-01-07 05:52:19,889:Global_variable.py -> Successfully name changed.
WARNING:2026-01-07 05:52:19,889:greatest_number.py -> Successfully name changed.
WARNING:2026-01-07 05:52:19,889:Health_Management_System_log_file.py -> Successfully name changed.
WARNING:2026-01-07 05:52:19,889:HSM.py -> Successfully name changed.
WARNING:2026-01-07 05:52:19,896:image_download.py -> Successfully name changed.
WARNING:2026-01-07 05:52:19,898:Inner_function.py -> Successfully name changed.
WARNING:2026-01-07 05:52:19,903:JSON.py -> Successfully name changed.
WARNING:2026-01-07 05:52:19,903:Lambda function.py -> Successfully name changed.
WARNING:2026-01-07 05:52:19,907:Library_Management_System.py -> Successfully name changed.
WARNING:2026-01-07 05:52:19,907:LMS.py -> Successfully name changed.
WARNING:2026-01-07 05:52:19,907:Local_variable.py -> Successfully name changed.
WARNING:2026-01-07 05:52:19,915:Logging.py -> Successfully name changed.
WARNING:2026-01-07 05:52:19,919:map()_function.py -> Successfully name changed.
WARNING:2026-01-07 05:52:19,920:nonlocal.py -> Successfully name changed.
WARNING:2026-01-07 05:52:19,923:Pickle_module.py -> Successfully name changed.
WARNING:2026-01-07 05:52:19,923:Restaurant.py -> Successfully name changed.
WARNING:2026-01-07 05:52:19,923:ROUGH.py -> Successfully name changed.
WARNING:2026-01-07 05:52:19,931:Second_largest_element.py -> Successfully name changed.
WARNING:2026-01-07 05:52:19,935:slot_machine_logic.py -> Successfully name changed.
WARNING:2026-01-07 05:52:19,936:string_PickValue.py -> Successfully name changed.
WARNING:2026-01-07 05:52:19,940:tell_and_seek.py -> Successfully name changed.
WARNING:2026-01-07 05:52:19,940:TrainBook.py -> Successfully name changed.
WARNING:2026-01-07 05:52:19,940:Word_generator.py -> Successfully name changed.
WARNING:2026-01-07 05:52:19,946:XOR_duplicate.py -> Successfully name changed.
